Watching for file changes with StatReloader
Watching for file changes with StatReloader
Watching for file changes with StatReloader
Watching for file changes with StatReloader
Watching for file changes with StatReloader
Internal Server Error: /settings/
Traceback (most recent call last):
  File "C:\Users\Astral\PycharmProjects\pythonProject5\my_dyplome_project\venv\Lib\site-packages\django\core\handlers\exception.py", line 55, in inner
    response = get_response(request)
               ^^^^^^^^^^^^^^^^^^^^^
  File "C:\Users\Astral\PycharmProjects\pythonProject5\my_dyplome_project\venv\Lib\site-packages\django\core\handlers\base.py", line 197, in _get_response
    response = wrapped_callback(request, *callback_args, **callback_kwargs)
               ^^^^^^^^^^^^^^^^^^^^^^^^^^^^^^^^^^^^^^^^^^^^^^^^^^^^^^^^^^^^
  File "C:\Users\Astral\PycharmProjects\pythonProject5\my_dyplome_project\venv\Lib\site-packages\django\contrib\auth\decorators.py", line 23, in _wrapper_view
    return view_func(request, *args, **kwargs)
           ^^^^^^^^^^^^^^^^^^^^^^^^^^^^^^^^^^^
  File "C:\Users\Astral\PycharmProjects\pythonProject5\my_dyplome_project\solar_powered_hosting\solar_hosting\views.py", line 83, in settings
    return render(request, 'solar_hosting/settings.html')
           ^^^^^^^^^^^^^^^^^^^^^^^^^^^^^^^^^^^^^^^^^^^^^^
  File "C:\Users\Astral\PycharmProjects\pythonProject5\my_dyplome_project\venv\Lib\site-packages\django\shortcuts.py", line 24, in render
    content = loader.render_to_string(template_name, context, request, using=using)
              ^^^^^^^^^^^^^^^^^^^^^^^^^^^^^^^^^^^^^^^^^^^^^^^^^^^^^^^^^^^^^^^^^^^^^
  File "C:\Users\Astral\PycharmProjects\pythonProject5\my_dyplome_project\venv\Lib\site-packages\django\template\loader.py", line 61, in render_to_string
    template = get_template(template_name, using=using)
               ^^^^^^^^^^^^^^^^^^^^^^^^^^^^^^^^^^^^^^^^
  File "C:\Users\Astral\PycharmProjects\pythonProject5\my_dyplome_project\venv\Lib\site-packages\django\template\loader.py", line 15, in get_template
    return engine.get_template(template_name)
           ^^^^^^^^^^^^^^^^^^^^^^^^^^^^^^^^^^
  File "C:\Users\Astral\PycharmProjects\pythonProject5\my_dyplome_project\venv\Lib\site-packages\django\template\backends\django.py", line 33, in get_template
    return Template(self.engine.get_template(template_name), self)
                    ^^^^^^^^^^^^^^^^^^^^^^^^^^^^^^^^^^^^^^^
  File "C:\Users\Astral\PycharmProjects\pythonProject5\my_dyplome_project\venv\Lib\site-packages\django\template\engine.py", line 175, in get_template
    template, origin = self.find_template(template_name)
                       ^^^^^^^^^^^^^^^^^^^^^^^^^^^^^^^^^
  File "C:\Users\Astral\PycharmProjects\pythonProject5\my_dyplome_project\venv\Lib\site-packages\django\template\engine.py", line 157, in find_template
    template = loader.get_template(name, skip=skip)
               ^^^^^^^^^^^^^^^^^^^^^^^^^^^^^^^^^^^^
  File "C:\Users\Astral\PycharmProjects\pythonProject5\my_dyplome_project\venv\Lib\site-packages\django\template\loaders\cached.py", line 57, in get_template
    template = super().get_template(template_name, skip)
               ^^^^^^^^^^^^^^^^^^^^^^^^^^^^^^^^^^^^^^^^^
  File "C:\Users\Astral\PycharmProjects\pythonProject5\my_dyplome_project\venv\Lib\site-packages\django\template\loaders\base.py", line 28, in get_template
    return Template(
           ^^^^^^^^^
  File "C:\Users\Astral\PycharmProjects\pythonProject5\my_dyplome_project\venv\Lib\site-packages\django\template\base.py", line 154, in __init__
    self.nodelist = self.compile_nodelist()
                    ^^^^^^^^^^^^^^^^^^^^^^^
  File "C:\Users\Astral\PycharmProjects\pythonProject5\my_dyplome_project\venv\Lib\site-packages\django\template\base.py", line 200, in compile_nodelist
    return parser.parse()
           ^^^^^^^^^^^^^^
  File "C:\Users\Astral\PycharmProjects\pythonProject5\my_dyplome_project\venv\Lib\site-packages\django\template\base.py", line 513, in parse
    raise self.error(token, e)
  File "C:\Users\Astral\PycharmProjects\pythonProject5\my_dyplome_project\venv\Lib\site-packages\django\template\base.py", line 511, in parse
    compiled_result = compile_func(self, token)
                      ^^^^^^^^^^^^^^^^^^^^^^^^^
  File "C:\Users\Astral\PycharmProjects\pythonProject5\my_dyplome_project\venv\Lib\site-packages\django\template\loader_tags.py", line 293, in do_extends
    nodelist = parser.parse()
               ^^^^^^^^^^^^^^
  File "C:\Users\Astral\PycharmProjects\pythonProject5\my_dyplome_project\venv\Lib\site-packages\django\template\base.py", line 513, in parse
    raise self.error(token, e)
  File "C:\Users\Astral\PycharmProjects\pythonProject5\my_dyplome_project\venv\Lib\site-packages\django\template\base.py", line 511, in parse
    compiled_result = compile_func(self, token)
                      ^^^^^^^^^^^^^^^^^^^^^^^^^
  File "C:\Users\Astral\PycharmProjects\pythonProject5\my_dyplome_project\venv\Lib\site-packages\django\template\loader_tags.py", line 232, in do_block
    nodelist = parser.parse(("endblock",))
               ^^^^^^^^^^^^^^^^^^^^^^^^^^^
  File "C:\Users\Astral\PycharmProjects\pythonProject5\my_dyplome_project\venv\Lib\site-packages\django\template\base.py", line 513, in parse
    raise self.error(token, e)
  File "C:\Users\Astral\PycharmProjects\pythonProject5\my_dyplome_project\venv\Lib\site-packages\django\template\base.py", line 511, in parse
    compiled_result = compile_func(self, token)
                      ^^^^^^^^^^^^^^^^^^^^^^^^^
  File "C:\Users\Astral\PycharmProjects\pythonProject5\my_dyplome_project\venv\Lib\site-packages\django\template\loader_tags.py", line 293, in do_extends
    nodelist = parser.parse()
               ^^^^^^^^^^^^^^
  File "C:\Users\Astral\PycharmProjects\pythonProject5\my_dyplome_project\venv\Lib\site-packages\django\template\base.py", line 513, in parse
    raise self.error(token, e)
  File "C:\Users\Astral\PycharmProjects\pythonProject5\my_dyplome_project\venv\Lib\site-packages\django\template\base.py", line 511, in parse
    compiled_result = compile_func(self, token)
                      ^^^^^^^^^^^^^^^^^^^^^^^^^
  File "C:\Users\Astral\PycharmProjects\pythonProject5\my_dyplome_project\venv\Lib\site-packages\django\template\loader_tags.py", line 226, in do_block
    raise TemplateSyntaxError(
django.template.exceptions.TemplateSyntaxError: 'block' tag with name 'dashboard_content' appears more than once
Not Found: /favicon.ico
Watching for file changes with StatReloader
Личные данные обновлены успешно.
Internal Server Error: /change_settings/
Traceback (most recent call last):
  File "C:\Users\Astral\PycharmProjects\pythonProject5\my_dyplome_project\venv\Lib\site-packages\django\core\handlers\exception.py", line 55, in inner
    response = get_response(request)
               ^^^^^^^^^^^^^^^^^^^^^
  File "C:\Users\Astral\PycharmProjects\pythonProject5\my_dyplome_project\venv\Lib\site-packages\django\core\handlers\base.py", line 197, in _get_response
    response = wrapped_callback(request, *callback_args, **callback_kwargs)
               ^^^^^^^^^^^^^^^^^^^^^^^^^^^^^^^^^^^^^^^^^^^^^^^^^^^^^^^^^^^^
  File "C:\Users\Astral\PycharmProjects\pythonProject5\my_dyplome_project\venv\Lib\site-packages\django\contrib\auth\decorators.py", line 25, in _wrapper_view
    resolved_login_url = resolve_url(login_url or settings.LOGIN_URL)
                         ^^^^^^^^^^^^^^^^^^^^^^^^^^^^^^^^^^^^^^^^^^^^
  File "C:\Users\Astral\PycharmProjects\pythonProject5\my_dyplome_project\venv\Lib\site-packages\django\shortcuts.py", line 145, in resolve_url
    return reverse(to, args=args, kwargs=kwargs)
           ^^^^^^^^^^^^^^^^^^^^^^^^^^^^^^^^^^^^^
  File "C:\Users\Astral\PycharmProjects\pythonProject5\my_dyplome_project\venv\Lib\site-packages\django\urls\base.py", line 88, in reverse
    return resolver._reverse_with_prefix(view, prefix, *args, **kwargs)
           ^^^^^^^^^^^^^^^^^^^^^^^^^^^^^^^^^^^^^^^^^^^^^^^^^^^^^^^^^^^^
  File "C:\Users\Astral\PycharmProjects\pythonProject5\my_dyplome_project\venv\Lib\site-packages\django\urls\resolvers.py", line 828, in _reverse_with_prefix
    raise NoReverseMatch(msg)
django.urls.exceptions.NoReverseMatch: Reverse for 'login' not found. 'login' is not a valid view function or pattern name.
Watching for file changes with StatReloader
Watching for file changes with StatReloader
Not Found: /registration/uploads/about_02.jpg
Not Found: /registration/uploads/hosting_01.jpg
Not Found: /registration/uploads/hosting_02.jpg
Not Found: /registration/uploads/hosting_03.jpg
Not Found: /registration/uploads/testi_02.png
Not Found: /registration/uploads/testi_03.png
Not Found: /registration/uploads/testi_01.png
Not Found: /registration/uploads/parallax_11.jpg
Not Found: /registration/uploads/parallax_04.jpg
C:\Users\Astral\PycharmProjects\pythonProject5\my_dyplome_project\solar_powered_hosting\solar_hosting\forms.py changed, reloading.
Watching for file changes with StatReloader
C:\Users\Astral\PycharmProjects\pythonProject5\my_dyplome_project\solar_powered_hosting\solar_hosting\admin.py changed, reloading.
Watching for file changes with StatReloader
Watching for file changes with StatReloader
Watching for file changes with StatReloader
Not Found: /registration/uploads/about_02.jpg
Not Found: /registration/uploads/hosting_01.jpg
Not Found: /registration/uploads/hosting_02.jpg
Not Found: /registration/uploads/hosting_03.jpg
Not Found: /registration/uploads/testi_03.png
Not Found: /registration/uploads/testi_02.png
Not Found: /registration/uploads/parallax_04.jpg
Not Found: /registration/uploads/testi_01.png
Not Found: /registration/uploads/parallax_11.jpg
Телефон успешно изменен.
Not Found: /registration/uploads/about_02.jpg
Not Found: /registration/uploads/hosting_01.jpg
Not Found: /registration/uploads/hosting_02.jpg
Not Found: /registration/uploads/testi_01.png
Not Found: /registration/uploads/testi_03.png
Not Found: /registration/uploads/testi_02.png
Not Found: /registration/uploads/hosting_03.jpg
Not Found: /registration/uploads/parallax_11.jpg
Not Found: /registration/uploads/parallax_04.jpg
Watching for file changes with StatReloader
Watching for file changes with StatReloader
Internal Server Error: /registration/
Traceback (most recent call last):
  File "C:\Users\Astral\PycharmProjects\pythonProject5\my_dyplome_project\venv\Lib\site-packages\django\core\handlers\exception.py", line 55, in inner
    response = get_response(request)
               ^^^^^^^^^^^^^^^^^^^^^
  File "C:\Users\Astral\PycharmProjects\pythonProject5\my_dyplome_project\venv\Lib\site-packages\django\core\handlers\base.py", line 197, in _get_response
    response = wrapped_callback(request, *callback_args, **callback_kwargs)
               ^^^^^^^^^^^^^^^^^^^^^^^^^^^^^^^^^^^^^^^^^^^^^^^^^^^^^^^^^^^^
  File "C:\Users\Astral\PycharmProjects\pythonProject5\my_dyplome_project\solar_powered_hosting\solar_hosting\views.py", line 62, in registration_view
    if not first_name:
           ^^^^^^^^^^
NameError: name 'first_name' is not defined
Watching for file changes with StatReloader
Not Found: /registration/uploads/about_02.jpg
Not Found: /registration/uploads/hosting_01.jpg
Not Found: /registration/uploads/hosting_02.jpg
Not Found: /registration/uploads/testi_03.png
Not Found: /registration/uploads/testi_01.png
Not Found: /registration/uploads/hosting_03.jpg
Not Found: /registration/uploads/testi_02.png
Not Found: /registration/uploads/parallax_11.jpg
Not Found: /registration/uploads/parallax_04.jpg
Email успешно изменен.
Watching for file changes with StatReloader
Watching for file changes with StatReloader
Watching for file changes with StatReloader
Watching for file changes with StatReloader
C:\Users\Astral\PycharmProjects\pythonProject5\my_dyplome_project\solar_powered_hosting\solar_hosting\views.py changed, reloading.
Watching for file changes with StatReloader
Watching for file changes with StatReloader
Watching for file changes with StatReloader
C:\Users\Astral\PycharmProjects\pythonProject5\my_dyplome_project\solar_powered_hosting\solar_hosting\views.py changed, reloading.
Watching for file changes with StatReloader
Watching for file changes with StatReloader
C:\Users\Astral\PycharmProjects\pythonProject5\my_dyplome_project\solar_powered_hosting\solar_hosting\views.py changed, reloading.
Watching for file changes with StatReloader
Watching for file changes with StatReloader
C:\Users\Astral\PycharmProjects\pythonProject5\my_dyplome_project\solar_powered_hosting\solar_hosting\views.py changed, reloading.
Watching for file changes with StatReloader
Watching for file changes with StatReloader
Internal Server Error: /change_settings/
Traceback (most recent call last):
  File "C:\Users\Astral\PycharmProjects\pythonProject5\my_dyplome_project\venv\Lib\site-packages\django\core\handlers\exception.py", line 55, in inner
    response = get_response(request)
               ^^^^^^^^^^^^^^^^^^^^^
  File "C:\Users\Astral\PycharmProjects\pythonProject5\my_dyplome_project\venv\Lib\site-packages\django\core\handlers\base.py", line 197, in _get_response
    response = wrapped_callback(request, *callback_args, **callback_kwargs)
               ^^^^^^^^^^^^^^^^^^^^^^^^^^^^^^^^^^^^^^^^^^^^^^^^^^^^^^^^^^^^
  File "C:\Users\Astral\PycharmProjects\pythonProject5\my_dyplome_project\venv\Lib\site-packages\django\contrib\auth\decorators.py", line 23, in _wrapper_view
    return view_func(request, *args, **kwargs)
           ^^^^^^^^^^^^^^^^^^^^^^^^^^^^^^^^^^^
  File "C:\Users\Astral\PycharmProjects\pythonProject5\my_dyplome_project\solar_powered_hosting\solar_hosting\views.py", line 269, in change_settings
    'name_form': name_form,
                 ^^^^^^^^^
NameError: name 'name_form' is not defined
C:\Users\Astral\PycharmProjects\pythonProject5\my_dyplome_project\solar_powered_hosting\solar_hosting\views.py changed, reloading.
Watching for file changes with StatReloader
Watching for file changes with StatReloader
C:\Users\Astral\PycharmProjects\pythonProject5\my_dyplome_project\solar_powered_hosting\solar_hosting\views.py changed, reloading.
Watching for file changes with StatReloader
C:\Users\Astral\PycharmProjects\pythonProject5\my_dyplome_project\solar_powered_hosting\solar_hosting\views.py changed, reloading.
Watching for file changes with StatReloader
Watching for file changes with StatReloader
C:\Users\Astral\PycharmProjects\pythonProject5\my_dyplome_project\solar_powered_hosting\solar_hosting\views.py changed, reloading.
Watching for file changes with StatReloader
C:\Users\Astral\PycharmProjects\pythonProject5\my_dyplome_project\solar_powered_hosting\solar_hosting\views.py changed, reloading.
Watching for file changes with StatReloader
Watching for file changes with StatReloader
C:\Users\Astral\PycharmProjects\pythonProject5\my_dyplome_project\solar_powered_hosting\solar_hosting\views.py changed, reloading.
Watching for file changes with StatReloader
Watching for file changes with StatReloader
Watching for file changes with StatReloader
Watching for file changes with StatReloader
Произошла ошибка: 'str' object has no attribute '_meta'
Email успешно изменен.
Watching for file changes with StatReloader
Личные данные обновлены успешно.
Телефон успешно изменен.
Watching for file changes with StatReloader
Личные данные обновлены успешно.
Watching for file changes with StatReloader
Not Found: /domain/uploads/parallax_11.jpg
Not Found: /features/uploads/parallax_04.jpg
Not Found: /hosting/uploads/testi_02.png
Not Found: /hosting/uploads/testi_01.png
Not Found: /hosting/uploads/testi_03.png
Not Found: /hosting/uploads/testi_02.png
Not Found: /hosting/uploads/parallax_04.jpg
Not Found: /pricing/uploads/testi_02.png
Not Found: /pricing/uploads/testi_01.png
Not Found: /pricing/uploads/testi_03.png
Not Found: /pricing/uploads/testi_02.png
Not Found: /pricing/uploads/testi_01.png
Not Found: /pricing/uploads/parallax_04.jpg
Watching for file changes with StatReloader
Watching for file changes with StatReloader
Watching for file changes with StatReloader
Not Found: /images/bg_01.jpg' %}
Watching for file changes with StatReloader
Not Found: /images/bg_01.jpg' %}
Watching for file changes with StatReloader
Watching for file changes with StatReloader
Watching for file changes with StatReloader
Watching for file changes with StatReloader
C:\Users\Astral\PycharmProjects\pythonProject5\my_dyplome_project\solar_powered_hosting\solar_hosting\views.py changed, reloading.
Watching for file changes with StatReloader
C:\Users\Astral\PycharmProjects\pythonProject5\my_dyplome_project\solar_powered_hosting\solar_hosting\models.py changed, reloading.
Watching for file changes with StatReloader
Watching for file changes with StatReloader
Not Found: /pricing/uploads/testi_02.png
Not Found: /pricing/uploads/testi_01.png
Not Found: /pricing/uploads/testi_03.png
Not Found: /pricing/uploads/testi_02.png
Not Found: /pricing/uploads/testi_01.png
Not Found: /pricing/uploads/testi_03.png
Not Found: /pricing/uploads/parallax_04.jpg
Not Found: /pricing/uploads/testi_01.png
Not Found: /pricing/uploads/testi_02.png
Not Found: /pricing/uploads/testi_03.png
Not Found: /pricing/uploads/testi_01.png
Not Found: /pricing/uploads/testi_02.png
Not Found: /pricing/uploads/testi_03.png
Not Found: /pricing/uploads/parallax_04.jpg
Watching for file changes with StatReloader
